0 info it worked if it ends with ok
1 verbose cli [ 'node', '/usr/local/bin/npm', 'install', '-g', 'grunt-cli' ]
2 info using npm@1.4.28
3 info using node@v0.10.35
4 verbose cache add [ 'grunt-cli', null ]
5 verbose cache add name=undefined spec="grunt-cli" args=["grunt-cli",null]
6 verbose parsed url { protocol: null,
6 verbose parsed url   slashes: null,
6 verbose parsed url   auth: null,
6 verbose parsed url   host: null,
6 verbose parsed url   port: null,
6 verbose parsed url   hostname: null,
6 verbose parsed url   hash: null,
6 verbose parsed url   search: null,
6 verbose parsed url   query: null,
6 verbose parsed url   pathname: 'grunt-cli',
6 verbose parsed url   path: 'grunt-cli',
6 verbose parsed url   href: 'grunt-cli' }
7 silly lockFile 671ef8ac-grunt-cli grunt-cli
8 verbose lock grunt-cli /Users/tiagojsalmeida/.npm/671ef8ac-grunt-cli.lock
9 silly lockFile 671ef8ac-grunt-cli grunt-cli
10 silly lockFile 671ef8ac-grunt-cli grunt-cli
11 verbose addNamed [ 'grunt-cli', '' ]
12 verbose addNamed [ null, '*' ]
13 silly lockFile d63f3d0b-grunt-cli grunt-cli@
14 verbose lock grunt-cli@ /Users/tiagojsalmeida/.npm/d63f3d0b-grunt-cli.lock
15 silly addNameRange { name: 'grunt-cli', range: '*', hasData: false }
16 verbose request where is /grunt-cli
17 verbose request registry https://registry.npmjs.org/
18 verbose request id 556566d42fc4073b
19 verbose url raw /grunt-cli
20 verbose url resolving [ 'https://registry.npmjs.org/', './grunt-cli' ]
21 verbose url resolved https://registry.npmjs.org/grunt-cli
22 verbose request where is https://registry.npmjs.org/grunt-cli
23 info trying registry request attempt 1 at 12:49:36
24 verbose etag "2EGSBIREMA26FXHEYS0CJPYJD"
25 http GET https://registry.npmjs.org/grunt-cli
26 info retry will retry, error on last attempt: Error: getaddrinfo ENOTFOUND
27 info trying registry request attempt 2 at 12:49:46
28 verbose etag "2EGSBIREMA26FXHEYS0CJPYJD"
29 http GET https://registry.npmjs.org/grunt-cli
30 http 304 https://registry.npmjs.org/grunt-cli
31 silly registry.get cb [ 304,
31 silly registry.get   { date: 'Sat, 11 Apr 2015 11:49:47 GMT',
31 silly registry.get     server: 'Apache',
31 silly registry.get     via: '1.1 varnish',
31 silly registry.get     'last-modified': 'Sat, 11 Apr 2015 11:49:48 GMT',
31 silly registry.get     'cache-control': 'max-age=60',
31 silly registry.get     etag: '"2EGSBIREMA26FXHEYS0CJPYJD"',
31 silly registry.get     age: '0',
31 silly registry.get     'x-served-by': 'cache-ams4128-AMS',
31 silly registry.get     'x-cache': 'HIT',
31 silly registry.get     'x-cache-hits': '1',
31 silly registry.get     'x-timer': 'S1428752987.719406,VS0,VE637',
31 silly registry.get     vary: 'Accept',
31 silly registry.get     'content-length': '0',
31 silly registry.get     'keep-alive': 'timeout=10, max=50',
31 silly registry.get     connection: 'Keep-Alive' } ]
32 verbose etag https://registry.npmjs.org/grunt-cli from cache
33 silly addNameRange number 2 { name: 'grunt-cli', range: '*', hasData: true }
34 silly addNameRange versions [ 'grunt-cli',
34 silly addNameRange   [ '0.1.0',
34 silly addNameRange     '0.1.1',
34 silly addNameRange     '0.1.2',
34 silly addNameRange     '0.1.3',
34 silly addNameRange     '0.1.4',
34 silly addNameRange     '0.1.5',
34 silly addNameRange     '0.1.6',
34 silly addNameRange     '0.1.7',
34 silly addNameRange     '0.1.8',
34 silly addNameRange     '0.1.9',
34 silly addNameRange     '0.1.10',
34 silly addNameRange     '0.1.11',
34 silly addNameRange     '0.1.12',
34 silly addNameRange     '0.1.13' ] ]
35 verbose addNamed [ 'grunt-cli', '0.1.13' ]
36 verbose addNamed [ '0.1.13', '0.1.13' ]
37 silly lockFile 28997503-grunt-cli-0-1-13 grunt-cli@0.1.13
38 verbose lock grunt-cli@0.1.13 /Users/tiagojsalmeida/.npm/28997503-grunt-cli-0-1-13.lock
39 silly lockFile 28997503-grunt-cli-0-1-13 grunt-cli@0.1.13
40 silly lockFile 28997503-grunt-cli-0-1-13 grunt-cli@0.1.13
41 silly lockFile d63f3d0b-grunt-cli grunt-cli@
42 silly lockFile d63f3d0b-grunt-cli grunt-cli@
43 silly resolved [ { name: 'grunt-cli',
43 silly resolved     description: 'The grunt command line interface.',
43 silly resolved     version: '0.1.13',
43 silly resolved     author: { name: 'Grunt Team' },
43 silly resolved     homepage: 'http://gruntjs.com/',
43 silly resolved     repository: { type: 'git', url: 'git://github.com/gruntjs/grunt-cli.git' },
43 silly resolved     bugs: { url: 'http://github.com/gruntjs/grunt-cli/issues' },
43 silly resolved     licenses: [ [Object] ],
43 silly resolved     bin: { grunt: 'bin/grunt' },
43 silly resolved     engines: { node: '>= 0.8.0' },
43 silly resolved     scripts: { test: 'node bin/grunt test' },
43 silly resolved     preferGlobal: true,
43 silly resolved     dependencies: { nopt: '~1.0.10', 'findup-sync': '~0.1.0', resolve: '~0.3.1' },
43 silly resolved     devDependencies: { grunt: '~0.4.0', 'grunt-contrib-jshint': '~0.2.0' },
43 silly resolved     contributors: [ [Object], [Object], [Object], [Object] ],
43 silly resolved     _id: 'grunt-cli@0.1.13',
43 silly resolved     dist:
43 silly resolved      { shasum: 'e9ebc4047631f5012d922770c39378133cad10f4',
43 silly resolved        tarball: 'http://registry.npmjs.org/grunt-cli/-/grunt-cli-0.1.13.tgz' },
43 silly resolved     _from: 'grunt-cli@',
43 silly resolved     _npmVersion: '1.3.24',
43 silly resolved     _npmUser: { name: 'tkellen', email: 'tyler@sleekcode.net' },
43 silly resolved     maintainers: [ [Object] ],
43 silly resolved     directories: {},
43 silly resolved     _shasum: 'e9ebc4047631f5012d922770c39378133cad10f4',
43 silly resolved     _resolved: 'https://registry.npmjs.org/grunt-cli/-/grunt-cli-0.1.13.tgz',
43 silly resolved     readme: 'ERROR: No README data found!' } ]
44 info install grunt-cli@0.1.13 into /usr/local/lib
45 info installOne grunt-cli@0.1.13
46 verbose lib/node_modules/grunt-cli unbuild
47 verbose tar unpack /Users/tiagojsalmeida/.npm/grunt-cli/0.1.13/package.tgz
48 silly lockFile 466968dc-local-lib-node-modules-grunt-cli tar:///usr/local/lib/node_modules/grunt-cli
49 verbose lock tar:///usr/local/lib/node_modules/grunt-cli /Users/tiagojsalmeida/.npm/466968dc-local-lib-node-modules-grunt-cli.lock
50 silly lockFile 81e5a517-npm-grunt-cli-0-1-13-package-tgz tar:///Users/tiagojsalmeida/.npm/grunt-cli/0.1.13/package.tgz
51 verbose lock tar:///Users/tiagojsalmeida/.npm/grunt-cli/0.1.13/package.tgz /Users/tiagojsalmeida/.npm/81e5a517-npm-grunt-cli-0-1-13-package-tgz.lock
52 silly gunzTarPerm modes [ '755', '644' ]
53 error Error: EACCES, mkdir '/usr/local/lib/node_modules/grunt-cli'
53 error  { [Error: EACCES, mkdir '/usr/local/lib/node_modules/grunt-cli']
53 error   errno: 3,
53 error   code: 'EACCES',
53 error   path: '/usr/local/lib/node_modules/grunt-cli',
53 error   fstream_type: 'Directory',
53 error   fstream_path: '/usr/local/lib/node_modules/grunt-cli',
53 error   fstream_class: 'DirWriter',
53 error   fstream_stack:
53 error    [ '/usr/local/lib/node_modules/npm/node_modules/fstream/lib/dir-writer.js:36:23',
53 error      '/usr/local/lib/node_modules/npm/node_modules/mkdirp/index.js:46:53',
53 error      'Object.oncomplete (fs.js:108:15)' ] }
54 error Please try running this command again as root/Administrator.
55 error System Darwin 13.1.0
56 error command "node" "/usr/local/bin/npm" "install" "-g" "grunt-cli"
57 error cwd /Users/tiagojsalmeida/Desktop/Webserver/webrtc
58 error node -v v0.10.35
59 error npm -v 1.4.28
60 error path /usr/local/lib/node_modules/grunt-cli
61 error fstream_path /usr/local/lib/node_modules/grunt-cli
62 error fstream_type Directory
63 error fstream_class DirWriter
64 error code EACCES
65 error errno 3
66 error stack Error: EACCES, mkdir '/usr/local/lib/node_modules/grunt-cli'
67 error fstream_stack /usr/local/lib/node_modules/npm/node_modules/fstream/lib/dir-writer.js:36:23
67 error fstream_stack /usr/local/lib/node_modules/npm/node_modules/mkdirp/index.js:46:53
67 error fstream_stack Object.oncomplete (fs.js:108:15)
68 verbose exit [ 3, true ]
